mode: set
github.com/fajrulaulia/golang-design-pattern/creational/factory/Konvesional.go:9.45,11.2 1 0
github.com/fajrulaulia/golang-design-pattern/creational/factory/Konvesional.go:13.83,21.2 1 0
github.com/fajrulaulia/golang-design-pattern/creational/factory/Syariah.go:9.41,11.2 1 0
github.com/fajrulaulia/golang-design-pattern/creational/factory/Syariah.go:13.79,21.2 1 1
github.com/fajrulaulia/golang-design-pattern/creational/factory/factory.go:5.98,6.30 1 1
github.com/fajrulaulia/golang-design-pattern/creational/factory/factory.go:9.2,9.33 1 0
github.com/fajrulaulia/golang-design-pattern/creational/factory/factory.go:12.2,12.48 1 0
github.com/fajrulaulia/golang-design-pattern/creational/factory/factory.go:6.30,8.3 1 1
github.com/fajrulaulia/golang-design-pattern/creational/factory/factory.go:9.33,11.3 1 0
github.com/fajrulaulia/golang-design-pattern/creational/factory/Account.go:18.33,20.2 1 0
github.com/fajrulaulia/golang-design-pattern/creational/factory/Account.go:22.40,24.2 1 0
github.com/fajrulaulia/golang-design-pattern/creational/factory/Account.go:25.50,27.2 1 0
github.com/fajrulaulia/golang-design-pattern/creational/factory/Account.go:29.31,31.2 1 0
github.com/fajrulaulia/golang-design-pattern/creational/factory/Account.go:32.36,34.2 1 1
github.com/fajrulaulia/golang-design-pattern/creational/factory/Account.go:35.41,37.2 1 1
github.com/fajrulaulia/golang-design-pattern/creational/builder/builder.go:18.44,20.2 1 1
github.com/fajrulaulia/golang-design-pattern/creational/builder/builder.go:22.55,24.2 1 1
github.com/fajrulaulia/golang-design-pattern/creational/builder/builder.go:26.62,28.2 1 1
github.com/fajrulaulia/golang-design-pattern/creational/builder/builder.go:30.72,33.16 3 1
github.com/fajrulaulia/golang-design-pattern/creational/builder/builder.go:36.2,36.31 1 1
github.com/fajrulaulia/golang-design-pattern/creational/builder/builder.go:33.16,34.13 1 0
github.com/fajrulaulia/golang-design-pattern/creational/builder/builder.go:39.74,41.2 1 1
github.com/fajrulaulia/golang-design-pattern/creational/builder/builder.go:43.74,45.2 1 1
github.com/fajrulaulia/golang-design-pattern/creational/builder/builder.go:47.68,49.2 1 1
github.com/fajrulaulia/golang-design-pattern/creational/builder/builder.go:51.66,53.2 1 1
github.com/fajrulaulia/golang-design-pattern/creational/builder/builder.go:55.68,58.32 2 1
github.com/fajrulaulia/golang-design-pattern/creational/builder/builder.go:66.2,66.18 1 1
github.com/fajrulaulia/golang-design-pattern/creational/builder/builder.go:71.2,79.8 1 1
github.com/fajrulaulia/golang-design-pattern/creational/builder/builder.go:59.14,60.51 1 0
github.com/fajrulaulia/golang-design-pattern/creational/builder/builder.go:62.15,63.44 1 1
github.com/fajrulaulia/golang-design-pattern/creational/builder/builder.go:66.18,69.3 1 1
github.com/fajrulaulia/golang-design-pattern/creational/singleton/database.go:13.36,15.2 1 1
github.com/fajrulaulia/golang-design-pattern/creational/singleton/database.go:17.44,19.2 1 1
github.com/fajrulaulia/golang-design-pattern/creational/singleton/database.go:24.32,25.15 1 1
github.com/fajrulaulia/golang-design-pattern/creational/singleton/database.go:29.2,30.11 2 1
github.com/fajrulaulia/golang-design-pattern/creational/singleton/database.go:25.15,28.3 2 1
github.com/fajrulaulia/golang-design-pattern/creational/singleton/database.go:34.55,35.17 1 1
github.com/fajrulaulia/golang-design-pattern/creational/singleton/database.go:39.2,41.11 3 1
github.com/fajrulaulia/golang-design-pattern/creational/singleton/database.go:35.17,38.3 2 1
